SF:lib/core/resources/data_state.dart
DA:7,3
DA:11,6
DA:15,3
DA:16,3
LF:4
LH:4
end_of_record
SF:lib/features/company_asstes/data/models/company_locations_model.dart
DA:6,2
DA:12,1
DA:13,1
DA:14,1
DA:15,1
DA:16,1
DA:20,1
DA:21,1
DA:22,1
DA:23,1
DA:24,1
DA:28,0
DA:30,0
DA:31,0
LF:14
LH:11
end_of_record
SF:lib/features/company_asstes/data/repository/company_locations_repository_impl.dart
DA:11,1
DA:12,1
DA:15,2
DA:17,2
DA:18,2
DA:20,3
DA:21,1
DA:22,1
DA:24,1
LF:9
LH:9
end_of_record
SF:lib/features/company_asstes/domain/entities/company_locations_entity.dart
DA:8,2
DA:10,1
DA:11,4
LF:3
LH:3
end_of_record
SF:lib/features/company_asstes/data/models/company_asset_model.dart
DA:6,2
DA:17,1
DA:18,1
DA:19,1
DA:20,1
DA:21,1
DA:22,1
DA:23,1
DA:24,1
DA:25,1
DA:26,1
DA:30,0
DA:32,1
DA:33,1
DA:34,1
DA:35,1
DA:36,1
DA:37,1
DA:38,1
DA:39,1
DA:40,1
DA:41,1
DA:45,0
DA:46,0
LF:24
LH:21
end_of_record
SF:lib/features/company_asstes/domain/entities/company_asset_entity.dart
DA:12,2
DA:23,1
DA:25,1
DA:26,1
DA:27,1
DA:28,1
DA:29,1
DA:30,1
DA:31,1
DA:32,1
DA:33,1
LF:11
LH:11
end_of_record
SF:lib/features/company_asstes/data/repository/company_asset_repository_impl.dart
DA:11,1
DA:13,1
DA:17,2
DA:18,2
DA:19,2
DA:21,4
DA:23,1
DA:25,1
LF:8
LH:8
end_of_record
SF:lib/features/companies/data/models/company_model.dart
DA:6,2
DA:11,1
DA:12,1
DA:13,1
DA:14,1
DA:18,0
DA:19,0
LF:7
LH:5
end_of_record
SF:lib/features/companies/data/repository/company_repository_impl.dart
DA:11,1
DA:12,1
DA:14,2
DA:15,2
DA:16,2
DA:18,4
DA:20,1
DA:22,1
LF:8
LH:8
end_of_record
SF:lib/features/companies/domain/entities/company_entity.dart
DA:6,2
DA:11,1
DA:12,3
DA:14,1
DA:15,1
DA:16,1
DA:17,1
LF:7
LH:7
end_of_record
